{"C:\\Documentos\\Materias último semestre U de M\\DevOps\\Seguimiento 1\\football-api\\src\\index.js": {"path":"C:\\Documentos\\Materias último semestre U de M\\DevOps\\Seguimiento 1\\football-api\\src\\index.js","statementMap":{"0":{"start":{"line":1,"column":16},"end":{"line":1,"column":34}},"1":{"start":{"line":2,"column":15},"end":{"line":2,"column":32}},"2":{"start":{"line":3,"column":20},"end":{"line":3,"column":45}},"3":{"start":{"line":4,"column":22},"end":{"line":4,"column":49}},"4":{"start":{"line":5,"column":22},"end":{"line":5,"column":49}},"5":{"start":{"line":7,"column":0},"end":{"line":7,"column":16}},"6":{"start":{"line":9,"column":12},"end":{"line":9,"column":21}},"7":{"start":{"line":10,"column":0},"end":{"line":10,"column":24}},"8":{"start":{"line":12,"column":0},"end":{"line":12,"column":37}},"9":{"start":{"line":13,"column":0},"end":{"line":13,"column":39}},"10":{"start":{"line":14,"column":0},"end":{"line":14,"column":39}},"11":{"start":{"line":16,"column":0},"end":{"line":21,"column":1}},"12":{"start":{"line":17,"column":15},"end":{"line":17,"column":39}},"13":{"start":{"line":18,"column":2},"end":{"line":20,"column":5}},"14":{"start":{"line":19,"column":4},"end":{"line":19,"column":50}},"15":{"start":{"line":23,"column":0},"end":{"line":23,"column":21}}},"fnMap":{"0":{"name":"(anonymous_0)","decl":{"start":{"line":18,"column":19},"end":{"line":18,"column":20}},"loc":{"start":{"line":18,"column":25},"end":{"line":20,"column":3}},"line":18}},"branchMap":{"0":{"loc":{"start":{"line":16,"column":0},"end":{"line":21,"column":1}},"type":"if","locations":[{"start":{"line":16,"column":0},"end":{"line":21,"column":1}},{"start":{},"end":{}}],"line":16},"1":{"loc":{"start":{"line":17,"column":15},"end":{"line":17,"column":39}},"type":"binary-expr","locations":[{"start":{"line":17,"column":15},"end":{"line":17,"column":31}},{"start":{"line":17,"column":35},"end":{"line":17,"column":39}}],"line":17}},"s":{"0":1,"1":1,"2":1,"3":1,"4":1,"5":1,"6":1,"7":1,"8":1,"9":1,"10":1,"11":1,"12":0,"13":0,"14":0,"15":1},"f":{"0":0},"b":{"0":[0,1],"1":[0,0]},"_coverageSchema":"1a1c01bbd47fc00a2c39e90264f33305004495a9","hash":"9a78d7959379a3260e6a3597cf86cccbe528f485"}
,"C:\\Documentos\\Materias último semestre U de M\\DevOps\\Seguimiento 1\\football-api\\src\\routes\\leagues.js": {"path":"C:\\Documentos\\Materias último semestre U de M\\DevOps\\Seguimiento 1\\football-api\\src\\routes\\leagues.js","statementMap":{"0":{"start":{"line":1,"column":16},"end":{"line":1,"column":34}},"1":{"start":{"line":2,"column":15},"end":{"line":2,"column":31}},"2":{"start":{"line":3,"column":11},"end":{"line":3,"column":39}},"3":{"start":{"line":6,"column":0},"end":{"line":14,"column":3}},"4":{"start":{"line":7,"column":2},"end":{"line":13,"column":3}},"5":{"start":{"line":8,"column":21},"end":{"line":8,"column":57}},"6":{"start":{"line":9,"column":20},"end":{"line":9,"column":79}},"7":{"start":{"line":9,"column":48},"end":{"line":9,"column":77}},"8":{"start":{"line":10,"column":4},"end":{"line":10,"column":22}},"9":{"start":{"line":12,"column":4},"end":{"line":12,"column":51}},"10":{"start":{"line":18,"column":0},"end":{"line":26,"column":3}},"11":{"start":{"line":19,"column":2},"end":{"line":25,"column":3}},"12":{"start":{"line":20,"column":30},"end":{"line":20,"column":38}},"13":{"start":{"line":21,"column":22},"end":{"line":21,"column":75}},"14":{"start":{"line":22,"column":4},"end":{"line":22,"column":53}},"15":{"start":{"line":24,"column":4},"end":{"line":24,"column":51}},"16":{"start":{"line":30,"column":0},"end":{"line":40,"column":3}},"17":{"start":{"line":31,"column":2},"end":{"line":39,"column":3}},"18":{"start":{"line":32,"column":25},"end":{"line":32,"column":35}},"19":{"start":{"line":33,"column":30},"end":{"line":33,"column":38}},"20":{"start":{"line":34,"column":22},"end":{"line":34,"column":60}},"21":{"start":{"line":35,"column":4},"end":{"line":35,"column":46}},"22":{"start":{"line":36,"column":4},"end":{"line":36,"column":62}},"23":{"start":{"line":38,"column":4},"end":{"line":38,"column":51}},"24":{"start":{"line":43,"column":0},"end":{"line":59,"column":3}},"25":{"start":{"line":44,"column":2},"end":{"line":58,"column":3}},"26":{"start":{"line":45,"column":25},"end":{"line":45,"column":35}},"27":{"start":{"line":46,"column":17},"end":{"line":46,"column":25}},"28":{"start":{"line":47,"column":22},"end":{"line":47,"column":60}},"29":{"start":{"line":48,"column":4},"end":{"line":48,"column":33}},"30":{"start":{"line":49,"column":26},"end":{"line":49,"column":56}},"31":{"start":{"line":50,"column":4},"end":{"line":55,"column":7}},"32":{"start":{"line":57,"column":4},"end":{"line":57,"column":51}},"33":{"start":{"line":62,"column":0},"end":{"line":92,"column":3}},"34":{"start":{"line":63,"column":2},"end":{"line":91,"column":3}},"35":{"start":{"line":64,"column":25},"end":{"line":64,"column":35}},"36":{"start":{"line":65,"column":22},"end":{"line":65,"column":60}},"37":{"start":{"line":66,"column":22},"end":{"line":66,"column":43}},"38":{"start":{"line":67,"column":4},"end":{"line":69,"column":5}},"39":{"start":{"line":68,"column":6},"end":{"line":68,"column":67}},"40":{"start":{"line":70,"column":17},"end":{"line":70,"column":38}},"41":{"start":{"line":71,"column":21},"end":{"line":71,"column":50}},"42":{"start":{"line":72,"column":26},"end":{"line":72,"column":46}},"43":{"start":{"line":73,"column":18},"end":{"line":73,"column":28}},"44":{"start":{"line":74,"column":4},"end":{"line":82,"column":5}},"45":{"start":{"line":75,"column":22},"end":{"line":75,"column":46}},"46":{"start":{"line":76,"column":25},"end":{"line":76,"column":54}},"47":{"start":{"line":77,"column":30},"end":{"line":77,"column":52}},"48":{"start":{"line":78,"column":6},"end":{"line":80,"column":9}},"49":{"start":{"line":79,"column":8},"end":{"line":79,"column":36}},"50":{"start":{"line":81,"column":6},"end":{"line":81,"column":28}},"51":{"start":{"line":83,"column":4},"end":{"line":83,"column":25}},"52":{"start":{"line":84,"column":4},"end":{"line":84,"column":58}},"53":{"start":{"line":85,"column":4},"end":{"line":88,"column":7}},"54":{"start":{"line":90,"column":4},"end":{"line":90,"column":51}},"55":{"start":{"line":94,"column":0},"end":{"line":94,"column":24}}},"fnMap":{"0":{"name":"(anonymous_0)","decl":{"start":{"line":6,"column":16},"end":{"line":6,"column":17}},"loc":{"start":{"line":6,"column":36},"end":{"line":14,"column":1}},"line":6},"1":{"name":"(anonymous_1)","decl":{"start":{"line":9,"column":38},"end":{"line":9,"column":39}},"loc":{"start":{"line":9,"column":48},"end":{"line":9,"column":77}},"line":9},"2":{"name":"(anonymous_2)","decl":{"start":{"line":18,"column":17},"end":{"line":18,"column":18}},"loc":{"start":{"line":18,"column":37},"end":{"line":26,"column":1}},"line":18},"3":{"name":"(anonymous_3)","decl":{"start":{"line":30,"column":25},"end":{"line":30,"column":26}},"loc":{"start":{"line":30,"column":45},"end":{"line":40,"column":1}},"line":30},"4":{"name":"(anonymous_4)","decl":{"start":{"line":43,"column":27},"end":{"line":43,"column":28}},"loc":{"start":{"line":43,"column":47},"end":{"line":59,"column":1}},"line":43},"5":{"name":"(anonymous_5)","decl":{"start":{"line":62,"column":28},"end":{"line":62,"column":29}},"loc":{"start":{"line":62,"column":48},"end":{"line":92,"column":1}},"line":62},"6":{"name":"(anonymous_6)","decl":{"start":{"line":78,"column":30},"end":{"line":78,"column":31}},"loc":{"start":{"line":78,"column":45},"end":{"line":80,"column":7}},"line":78}},"branchMap":{"0":{"loc":{"start":{"line":67,"column":4},"end":{"line":69,"column":5}},"type":"if","locations":[{"start":{"line":67,"column":4},"end":{"line":69,"column":5}},{"start":{},"end":{}}],"line":67}},"s":{"0":1,"1":1,"2":1,"3":1,"4":1,"5":1,"6":1,"7":2,"8":1,"9":0,"10":1,"11":1,"12":1,"13":1,"14":1,"15":0,"16":1,"17":1,"18":1,"19":1,"20":1,"21":1,"22":1,"23":0,"24":1,"25":1,"26":1,"27":1,"28":1,"29":1,"30":1,"31":1,"32":0,"33":1,"34":1,"35":1,"36":1,"37":1,"38":1,"39":0,"40":1,"41":1,"42":1,"43":1,"44":1,"45":0,"46":0,"47":0,"48":0,"49":0,"50":0,"51":1,"52":1,"53":1,"54":0,"55":1},"f":{"0":1,"1":2,"2":1,"3":1,"4":1,"5":1,"6":0},"b":{"0":[0,1]},"_coverageSchema":"1a1c01bbd47fc00a2c39e90264f33305004495a9","hash":"caa7fd9fcdeaaf3bcc9c5b521e9f3a4a90dd9fef"}
,"C:\\Documentos\\Materias último semestre U de M\\DevOps\\Seguimiento 1\\football-api\\src\\routes\\players.js": {"path":"C:\\Documentos\\Materias último semestre U de M\\DevOps\\Seguimiento 1\\football-api\\src\\routes\\players.js","statementMap":{"0":{"start":{"line":1,"column":16},"end":{"line":1,"column":34}},"1":{"start":{"line":2,"column":15},"end":{"line":2,"column":31}},"2":{"start":{"line":3,"column":11},"end":{"line":3,"column":39}},"3":{"start":{"line":5,"column":0},"end":{"line":20,"column":3}},"4":{"start":{"line":6,"column":2},"end":{"line":19,"column":3}},"5":{"start":{"line":7,"column":33},"end":{"line":7,"column":43}},"6":{"start":{"line":8,"column":21},"end":{"line":14,"column":12}},"7":{"start":{"line":15,"column":20},"end":{"line":15,"column":79}},"8":{"start":{"line":15,"column":48},"end":{"line":15,"column":77}},"9":{"start":{"line":16,"column":4},"end":{"line":16,"column":22}},"10":{"start":{"line":18,"column":4},"end":{"line":18,"column":51}},"11":{"start":{"line":22,"column":0},"end":{"line":37,"column":3}},"12":{"start":{"line":23,"column":2},"end":{"line":36,"column":3}},"13":{"start":{"line":24,"column":33},"end":{"line":24,"column":43}},"14":{"start":{"line":25,"column":30},"end":{"line":25,"column":38}},"15":{"start":{"line":26,"column":22},"end":{"line":32,"column":29}},"16":{"start":{"line":33,"column":4},"end":{"line":33,"column":53}},"17":{"start":{"line":35,"column":4},"end":{"line":35,"column":51}},"18":{"start":{"line":39,"column":0},"end":{"line":55,"column":3}},"19":{"start":{"line":40,"column":2},"end":{"line":54,"column":3}},"20":{"start":{"line":41,"column":43},"end":{"line":41,"column":53}},"21":{"start":{"line":42,"column":30},"end":{"line":42,"column":38}},"22":{"start":{"line":43,"column":22},"end":{"line":49,"column":20}},"23":{"start":{"line":50,"column":4},"end":{"line":50,"column":46}},"24":{"start":{"line":51,"column":4},"end":{"line":51,"column":62}},"25":{"start":{"line":53,"column":4},"end":{"line":53,"column":51}},"26":{"start":{"line":57,"column":0},"end":{"line":79,"column":3}},"27":{"start":{"line":58,"column":2},"end":{"line":78,"column":3}},"28":{"start":{"line":59,"column":43},"end":{"line":59,"column":53}},"29":{"start":{"line":60,"column":17},"end":{"line":60,"column":25}},"30":{"start":{"line":61,"column":22},"end":{"line":67,"column":20}},"31":{"start":{"line":68,"column":4},"end":{"line":68,"column":33}},"32":{"start":{"line":69,"column":26},"end":{"line":69,"column":56}},"33":{"start":{"line":70,"column":4},"end":{"line":75,"column":7}},"34":{"start":{"line":77,"column":4},"end":{"line":77,"column":51}},"35":{"start":{"line":81,"column":0},"end":{"line":114,"column":2}},"36":{"start":{"line":84,"column":4},"end":{"line":112,"column":5}},"37":{"start":{"line":85,"column":45},"end":{"line":85,"column":55}},"38":{"start":{"line":86,"column":24},"end":{"line":92,"column":22}},"39":{"start":{"line":93,"column":24},"end":{"line":93,"column":45}},"40":{"start":{"line":94,"column":6},"end":{"line":96,"column":7}},"41":{"start":{"line":95,"column":8},"end":{"line":95,"column":69}},"42":{"start":{"line":97,"column":19},"end":{"line":97,"column":40}},"43":{"start":{"line":98,"column":6},"end":{"line":105,"column":18}},"44":{"start":{"line":106,"column":6},"end":{"line":109,"column":9}},"45":{"start":{"line":111,"column":6},"end":{"line":111,"column":53}},"46":{"start":{"line":116,"column":0},"end":{"line":116,"column":24}}},"fnMap":{"0":{"name":"(anonymous_0)","decl":{"start":{"line":5,"column":47},"end":{"line":5,"column":48}},"loc":{"start":{"line":5,"column":67},"end":{"line":20,"column":1}},"line":5},"1":{"name":"(anonymous_1)","decl":{"start":{"line":15,"column":38},"end":{"line":15,"column":39}},"loc":{"start":{"line":15,"column":48},"end":{"line":15,"column":77}},"line":15},"2":{"name":"(anonymous_2)","decl":{"start":{"line":22,"column":48},"end":{"line":22,"column":49}},"loc":{"start":{"line":22,"column":68},"end":{"line":37,"column":1}},"line":22},"3":{"name":"(anonymous_3)","decl":{"start":{"line":39,"column":57},"end":{"line":39,"column":58}},"loc":{"start":{"line":39,"column":77},"end":{"line":55,"column":1}},"line":39},"4":{"name":"(anonymous_4)","decl":{"start":{"line":57,"column":59},"end":{"line":57,"column":60}},"loc":{"start":{"line":57,"column":79},"end":{"line":79,"column":1}},"line":57},"5":{"name":"(anonymous_5)","decl":{"start":{"line":83,"column":2},"end":{"line":83,"column":3}},"loc":{"start":{"line":83,"column":22},"end":{"line":113,"column":3}},"line":83}},"branchMap":{"0":{"loc":{"start":{"line":94,"column":6},"end":{"line":96,"column":7}},"type":"if","locations":[{"start":{"line":94,"column":6},"end":{"line":96,"column":7}},{"start":{},"end":{}}],"line":94}},"s":{"0":1,"1":1,"2":1,"3":1,"4":0,"5":0,"6":0,"7":0,"8":0,"9":0,"10":0,"11":1,"12":0,"13":0,"14":0,"15":0,"16":0,"17":0,"18":1,"19":0,"20":0,"21":0,"22":0,"23":0,"24":0,"25":0,"26":1,"27":0,"28":0,"29":0,"30":0,"31":0,"32":0,"33":0,"34":0,"35":1,"36":0,"37":0,"38":0,"39":0,"40":0,"41":0,"42":0,"43":0,"44":0,"45":0,"46":1},"f":{"0":0,"1":0,"2":0,"3":0,"4":0,"5":0},"b":{"0":[0,0]},"_coverageSchema":"1a1c01bbd47fc00a2c39e90264f33305004495a9","hash":"392cb0c2bb23722402e01ead72143c2f719b3efd"}
,"C:\\Documentos\\Materias último semestre U de M\\DevOps\\Seguimiento 1\\football-api\\src\\routes\\teams.js": {"path":"C:\\Documentos\\Materias último semestre U de M\\DevOps\\Seguimiento 1\\football-api\\src\\routes\\teams.js","statementMap":{"0":{"start":{"line":1,"column":16},"end":{"line":1,"column":34}},"1":{"start":{"line":2,"column":15},"end":{"line":2,"column":31}},"2":{"start":{"line":3,"column":11},"end":{"line":3,"column":39}},"3":{"start":{"line":5,"column":0},"end":{"line":18,"column":3}},"4":{"start":{"line":6,"column":2},"end":{"line":17,"column":3}},"5":{"start":{"line":7,"column":25},"end":{"line":7,"column":35}},"6":{"start":{"line":8,"column":21},"end":{"line":12,"column":12}},"7":{"start":{"line":13,"column":18},"end":{"line":13,"column":77}},"8":{"start":{"line":13,"column":46},"end":{"line":13,"column":75}},"9":{"start":{"line":14,"column":4},"end":{"line":14,"column":20}},"10":{"start":{"line":16,"column":4},"end":{"line":16,"column":51}},"11":{"start":{"line":20,"column":0},"end":{"line":33,"column":3}},"12":{"start":{"line":21,"column":2},"end":{"line":32,"column":3}},"13":{"start":{"line":22,"column":25},"end":{"line":22,"column":35}},"14":{"start":{"line":23,"column":30},"end":{"line":23,"column":38}},"15":{"start":{"line":24,"column":20},"end":{"line":28,"column":29}},"16":{"start":{"line":29,"column":4},"end":{"line":29,"column":60}},"17":{"start":{"line":31,"column":4},"end":{"line":31,"column":51}},"18":{"start":{"line":35,"column":0},"end":{"line":49,"column":3}},"19":{"start":{"line":36,"column":2},"end":{"line":48,"column":3}},"20":{"start":{"line":37,"column":33},"end":{"line":37,"column":43}},"21":{"start":{"line":38,"column":30},"end":{"line":38,"column":38}},"22":{"start":{"line":39,"column":20},"end":{"line":43,"column":18}},"23":{"start":{"line":44,"column":4},"end":{"line":44,"column":44}},"24":{"start":{"line":45,"column":4},"end":{"line":45,"column":60}},"25":{"start":{"line":47,"column":4},"end":{"line":47,"column":51}},"26":{"start":{"line":51,"column":0},"end":{"line":71,"column":3}},"27":{"start":{"line":52,"column":2},"end":{"line":70,"column":3}},"28":{"start":{"line":53,"column":33},"end":{"line":53,"column":43}},"29":{"start":{"line":54,"column":17},"end":{"line":54,"column":25}},"30":{"start":{"line":55,"column":20},"end":{"line":59,"column":18}},"31":{"start":{"line":60,"column":4},"end":{"line":60,"column":31}},"32":{"start":{"line":61,"column":24},"end":{"line":61,"column":52}},"33":{"start":{"line":62,"column":4},"end":{"line":67,"column":7}},"34":{"start":{"line":69,"column":4},"end":{"line":69,"column":51}},"35":{"start":{"line":73,"column":0},"end":{"line":106,"column":3}},"36":{"start":{"line":74,"column":2},"end":{"line":105,"column":3}},"37":{"start":{"line":75,"column":33},"end":{"line":75,"column":43}},"38":{"start":{"line":76,"column":20},"end":{"line":80,"column":18}},"39":{"start":{"line":81,"column":20},"end":{"line":81,"column":39}},"40":{"start":{"line":82,"column":4},"end":{"line":84,"column":5}},"41":{"start":{"line":83,"column":6},"end":{"line":83,"column":65}},"42":{"start":{"line":85,"column":17},"end":{"line":85,"column":36}},"43":{"start":{"line":86,"column":23},"end":{"line":86,"column":52}},"44":{"start":{"line":87,"column":28},"end":{"line":87,"column":50}},"45":{"start":{"line":88,"column":18},"end":{"line":88,"column":28}},"46":{"start":{"line":89,"column":4},"end":{"line":91,"column":7}},"47":{"start":{"line":90,"column":6},"end":{"line":90,"column":28}},"48":{"start":{"line":92,"column":4},"end":{"line":92,"column":25}},"49":{"start":{"line":93,"column":4},"end":{"line":98,"column":16}},"50":{"start":{"line":99,"column":4},"end":{"line":102,"column":7}},"51":{"start":{"line":104,"column":4},"end":{"line":104,"column":51}},"52":{"start":{"line":108,"column":0},"end":{"line":108,"column":24}}},"fnMap":{"0":{"name":"(anonymous_0)","decl":{"start":{"line":5,"column":31},"end":{"line":5,"column":32}},"loc":{"start":{"line":5,"column":51},"end":{"line":18,"column":1}},"line":5},"1":{"name":"(anonymous_1)","decl":{"start":{"line":13,"column":36},"end":{"line":13,"column":37}},"loc":{"start":{"line":13,"column":46},"end":{"line":13,"column":75}},"line":13},"2":{"name":"(anonymous_2)","decl":{"start":{"line":20,"column":32},"end":{"line":20,"column":33}},"loc":{"start":{"line":20,"column":52},"end":{"line":33,"column":1}},"line":20},"3":{"name":"(anonymous_3)","decl":{"start":{"line":35,"column":39},"end":{"line":35,"column":40}},"loc":{"start":{"line":35,"column":59},"end":{"line":49,"column":1}},"line":35},"4":{"name":"(anonymous_4)","decl":{"start":{"line":51,"column":41},"end":{"line":51,"column":42}},"loc":{"start":{"line":51,"column":61},"end":{"line":71,"column":1}},"line":51},"5":{"name":"(anonymous_5)","decl":{"start":{"line":73,"column":42},"end":{"line":73,"column":43}},"loc":{"start":{"line":73,"column":62},"end":{"line":106,"column":1}},"line":73},"6":{"name":"(anonymous_6)","decl":{"start":{"line":89,"column":28},"end":{"line":89,"column":29}},"loc":{"start":{"line":89,"column":37},"end":{"line":91,"column":5}},"line":89}},"branchMap":{"0":{"loc":{"start":{"line":82,"column":4},"end":{"line":84,"column":5}},"type":"if","locations":[{"start":{"line":82,"column":4},"end":{"line":84,"column":5}},{"start":{},"end":{}}],"line":82}},"s":{"0":1,"1":1,"2":1,"3":1,"4":0,"5":0,"6":0,"7":0,"8":0,"9":0,"10":0,"11":1,"12":0,"13":0,"14":0,"15":0,"16":0,"17":0,"18":1,"19":0,"20":0,"21":0,"22":0,"23":0,"24":0,"25":0,"26":1,"27":0,"28":0,"29":0,"30":0,"31":0,"32":0,"33":0,"34":0,"35":1,"36":0,"37":0,"38":0,"39":0,"40":0,"41":0,"42":0,"43":0,"44":0,"45":0,"46":0,"47":0,"48":0,"49":0,"50":0,"51":0,"52":1},"f":{"0":0,"1":0,"2":0,"3":0,"4":0,"5":0,"6":0},"b":{"0":[0,0]},"_coverageSchema":"1a1c01bbd47fc00a2c39e90264f33305004495a9","hash":"66895f35e09cb2aeaf7dd1bf45050a5c05709f34"}
}
